Namespace(backend='inductor', batch_size=4, cache=False, checkpoint_step=-1, compile=False, datadir='../', device='gpu', learning_rate=0.0005, log_dir=None, num_query=10, num_support=5, num_train_iterations=8000, num_way=2, num_workers=2, test=False)
Using device:  cpu
log_dir: ./logs/protonet/metabolism.way_2.support_5.query_10.lr_0.0005.batch_size_4
Checkpoint loading skipped.
Training on tasks with composition num_way=2, num_support=5, num_query=10
Starting training at iteration 0.
Iteration 0: loss: 0.650, support accuracy: 1.000, query accuracy: 0.688
Start Validation...
Validation: loss: 0.648, support accuracy: 1.000, query accuracy: 0.641 Ci95: 0.003
Saved checkpoint.
Iteration 10: loss: 0.536, support accuracy: 1.000, query accuracy: 0.775
Iteration 20: loss: 0.519, support accuracy: 1.000, query accuracy: 0.825
Iteration 30: loss: 0.480, support accuracy: 0.975, query accuracy: 0.837
Iteration 40: loss: 0.470, support accuracy: 1.000, query accuracy: 0.875
Iteration 50: loss: 0.400, support accuracy: 1.000, query accuracy: 0.925
Iteration 60: loss: 0.560, support accuracy: 1.000, query accuracy: 0.763
Iteration 70: loss: 0.388, support accuracy: 0.950, query accuracy: 0.925
Iteration 80: loss: 0.360, support accuracy: 1.000, query accuracy: 0.962
Iteration 90: loss: 0.364, support accuracy: 0.975, query accuracy: 0.962
Iteration 100: loss: 0.385, support accuracy: 1.000, query accuracy: 0.950
Iteration 110: loss: 0.400, support accuracy: 0.975, query accuracy: 0.912
Iteration 120: loss: 0.401, support accuracy: 0.950, query accuracy: 0.925
Iteration 130: loss: 0.403, support accuracy: 0.975, query accuracy: 0.912
Iteration 140: loss: 0.365, support accuracy: 0.975, query accuracy: 0.938
Iteration 150: loss: 0.371, support accuracy: 0.975, query accuracy: 0.987
Iteration 160: loss: 0.368, support accuracy: 0.975, query accuracy: 0.975
Iteration 170: loss: 0.383, support accuracy: 1.000, query accuracy: 0.938
Iteration 180: loss: 0.360, support accuracy: 0.975, query accuracy: 0.975
Iteration 190: loss: 0.368, support accuracy: 1.000, query accuracy: 0.950
Iteration 200: loss: 0.395, support accuracy: 0.950, query accuracy: 0.937
Iteration 210: loss: 0.335, support accuracy: 1.000, query accuracy: 0.975
Iteration 220: loss: 0.380, support accuracy: 0.975, query accuracy: 0.950
Iteration 230: loss: 0.368, support accuracy: 0.975, query accuracy: 0.962
Iteration 240: loss: 0.324, support accuracy: 1.000, query accuracy: 1.000
Iteration 250: loss: 0.383, support accuracy: 1.000, query accuracy: 0.937
Iteration 260: loss: 0.343, support accuracy: 0.950, query accuracy: 0.987
Iteration 270: loss: 0.363, support accuracy: 0.975, query accuracy: 0.950
Iteration 280: loss: 0.370, support accuracy: 0.975, query accuracy: 0.950
Iteration 290: loss: 0.425, support accuracy: 0.950, query accuracy: 0.875
Iteration 300: loss: 0.368, support accuracy: 1.000, query accuracy: 0.950
Iteration 310: loss: 0.338, support accuracy: 1.000, query accuracy: 0.975
Iteration 320: loss: 0.326, support accuracy: 1.000, query accuracy: 0.987
Iteration 330: loss: 0.335, support accuracy: 1.000, query accuracy: 1.000
Iteration 340: loss: 0.362, support accuracy: 0.975, query accuracy: 0.950
Iteration 350: loss: 0.334, support accuracy: 1.000, query accuracy: 0.987
Iteration 360: loss: 0.356, support accuracy: 0.975, query accuracy: 0.962
Iteration 370: loss: 0.341, support accuracy: 0.975, query accuracy: 0.962
Iteration 380: loss: 0.351, support accuracy: 1.000, query accuracy: 0.962
Iteration 390: loss: 0.344, support accuracy: 0.975, query accuracy: 0.962
Iteration 400: loss: 0.338, support accuracy: 1.000, query accuracy: 0.987
Iteration 410: loss: 0.330, support accuracy: 0.975, query accuracy: 0.987
Iteration 420: loss: 0.357, support accuracy: 1.000, query accuracy: 0.950
Iteration 430: loss: 0.330, support accuracy: 0.975, query accuracy: 0.987
Iteration 440: loss: 0.339, support accuracy: 1.000, query accuracy: 0.975
Iteration 450: loss: 0.324, support accuracy: 1.000, query accuracy: 0.987
Iteration 460: loss: 0.360, support accuracy: 0.975, query accuracy: 0.950
Iteration 470: loss: 0.362, support accuracy: 1.000, query accuracy: 0.950
Iteration 480: loss: 0.317, support accuracy: 1.000, query accuracy: 1.000
Iteration 490: loss: 0.372, support accuracy: 0.975, query accuracy: 0.938
Iteration 500: loss: 0.367, support accuracy: 1.000, query accuracy: 0.950
Iteration 510: loss: 0.317, support accuracy: 1.000, query accuracy: 1.000
Iteration 520: loss: 0.335, support accuracy: 0.950, query accuracy: 0.987
Iteration 530: loss: 0.327, support accuracy: 1.000, query accuracy: 0.987
Iteration 540: loss: 0.337, support accuracy: 1.000, query accuracy: 0.975
Iteration 550: loss: 0.343, support accuracy: 1.000, query accuracy: 0.975
Iteration 560: loss: 0.348, support accuracy: 0.975, query accuracy: 0.975
Iteration 570: loss: 0.344, support accuracy: 0.925, query accuracy: 0.975
Iteration 580: loss: 0.320, support accuracy: 0.975, query accuracy: 1.000
Iteration 590: loss: 0.350, support accuracy: 1.000, query accuracy: 0.962
Iteration 600: loss: 0.321, support accuracy: 1.000, query accuracy: 1.000
Iteration 610: loss: 0.321, support accuracy: 1.000, query accuracy: 1.000
Iteration 620: loss: 0.316, support accuracy: 0.975, query accuracy: 1.000
Iteration 630: loss: 0.345, support accuracy: 0.975, query accuracy: 0.975
Iteration 640: loss: 0.320, support accuracy: 1.000, query accuracy: 1.000
Iteration 650: loss: 0.349, support accuracy: 1.000, query accuracy: 0.962
Iteration 660: loss: 0.326, support accuracy: 1.000, query accuracy: 0.987
Iteration 670: loss: 0.342, support accuracy: 1.000, query accuracy: 0.962
Iteration 680: loss: 0.350, support accuracy: 1.000, query accuracy: 0.962
Iteration 690: loss: 0.338, support accuracy: 1.000, query accuracy: 0.975
Iteration 700: loss: 0.340, support accuracy: 0.975, query accuracy: 0.975
Iteration 710: loss: 0.316, support accuracy: 0.975, query accuracy: 1.000
Iteration 720: loss: 0.344, support accuracy: 0.975, query accuracy: 0.975
Iteration 730: loss: 0.315, support accuracy: 1.000, query accuracy: 1.000
Iteration 740: loss: 0.337, support accuracy: 0.975, query accuracy: 0.987
Iteration 750: loss: 0.323, support accuracy: 1.000, query accuracy: 0.987
Iteration 760: loss: 0.320, support accuracy: 1.000, query accuracy: 1.000
Iteration 770: loss: 0.314, support accuracy: 1.000, query accuracy: 1.000
Iteration 780: loss: 0.324, support accuracy: 1.000, query accuracy: 0.987
Iteration 790: loss: 0.323, support accuracy: 1.000, query accuracy: 0.987
Iteration 800: loss: 0.324, support accuracy: 1.000, query accuracy: 0.987
Iteration 810: loss: 0.343, support accuracy: 1.000, query accuracy: 0.950
Iteration 820: loss: 0.349, support accuracy: 1.000, query accuracy: 0.963
Iteration 830: loss: 0.331, support accuracy: 0.975, query accuracy: 0.987
Iteration 840: loss: 0.328, support accuracy: 1.000, query accuracy: 0.987
Iteration 850: loss: 0.327, support accuracy: 1.000, query accuracy: 0.987
Iteration 860: loss: 0.342, support accuracy: 1.000, query accuracy: 0.975
Iteration 870: loss: 0.318, support accuracy: 1.000, query accuracy: 1.000
Iteration 880: loss: 0.327, support accuracy: 1.000, query accuracy: 0.987
Iteration 890: loss: 0.316, support accuracy: 1.000, query accuracy: 1.000
Iteration 900: loss: 0.315, support accuracy: 1.000, query accuracy: 1.000
Iteration 910: loss: 0.319, support accuracy: 0.975, query accuracy: 1.000
Iteration 920: loss: 0.334, support accuracy: 1.000, query accuracy: 0.963
Iteration 930: loss: 0.326, support accuracy: 1.000, query accuracy: 0.987
Iteration 940: loss: 0.315, support accuracy: 1.000, query accuracy: 1.000
Iteration 950: loss: 0.322, support accuracy: 0.975, query accuracy: 0.987
Iteration 960: loss: 0.318, support accuracy: 1.000, query accuracy: 1.000
Iteration 970: loss: 0.353, support accuracy: 1.000, query accuracy: 0.962
Iteration 980: loss: 0.338, support accuracy: 1.000, query accuracy: 0.975
Iteration 990: loss: 0.339, support accuracy: 0.975, query accuracy: 0.975
Iteration 1000: loss: 0.338, support accuracy: 1.000, query accuracy: 0.987
Iteration 1010: loss: 0.317, support accuracy: 1.000, query accuracy: 1.000
Iteration 1020: loss: 0.329, support accuracy: 1.000, query accuracy: 0.987
Iteration 1030: loss: 0.343, support accuracy: 0.975, query accuracy: 0.963
Iteration 1040: loss: 0.331, support accuracy: 1.000, query accuracy: 0.987
Iteration 1050: loss: 0.342, support accuracy: 1.000, query accuracy: 0.975
Iteration 1060: loss: 0.314, support accuracy: 1.000, query accuracy: 1.000
Iteration 1070: loss: 0.329, support accuracy: 1.000, query accuracy: 0.987
Iteration 1080: loss: 0.317, support accuracy: 1.000, query accuracy: 1.000
Iteration 1090: loss: 0.315, support accuracy: 1.000, query accuracy: 1.000
Iteration 1100: loss: 0.315, support accuracy: 1.000, query accuracy: 1.000
Iteration 1110: loss: 0.326, support accuracy: 1.000, query accuracy: 0.987
Iteration 1120: loss: 0.324, support accuracy: 1.000, query accuracy: 0.987
Iteration 1130: loss: 0.333, support accuracy: 1.000, query accuracy: 0.975
Iteration 1140: loss: 0.329, support accuracy: 1.000, query accuracy: 0.987
Iteration 1150: loss: 0.317, support accuracy: 1.000, query accuracy: 1.000
Iteration 1160: loss: 0.338, support accuracy: 0.950, query accuracy: 0.975
Iteration 1170: loss: 0.334, support accuracy: 1.000, query accuracy: 0.987
Iteration 1180: loss: 0.315, support accuracy: 1.000, query accuracy: 1.000
Iteration 1190: loss: 0.341, support accuracy: 1.000, query accuracy: 0.975
Iteration 1200: loss: 0.317, support accuracy: 1.000, query accuracy: 1.000
Iteration 1210: loss: 0.354, support accuracy: 0.975, query accuracy: 0.950
Iteration 1220: loss: 0.331, support accuracy: 1.000, query accuracy: 0.987
Iteration 1230: loss: 0.332, support accuracy: 1.000, query accuracy: 0.975
Iteration 1240: loss: 0.375, support accuracy: 1.000, query accuracy: 0.938
Iteration 1250: loss: 0.314, support accuracy: 0.975, query accuracy: 1.000
Iteration 1260: loss: 0.343, support accuracy: 1.000, query accuracy: 0.975
Iteration 1270: loss: 0.319, support accuracy: 1.000, query accuracy: 1.000
Iteration 1280: loss: 0.332, support accuracy: 0.950, query accuracy: 0.987
Iteration 1290: loss: 0.316, support accuracy: 1.000, query accuracy: 1.000
Iteration 1300: loss: 0.327, support accuracy: 0.975, query accuracy: 0.987
Iteration 1310: loss: 0.322, support accuracy: 1.000, query accuracy: 1.000
Iteration 1320: loss: 0.337, support accuracy: 1.000, query accuracy: 0.975
Iteration 1330: loss: 0.320, support accuracy: 1.000, query accuracy: 0.987
Iteration 1340: loss: 0.315, support accuracy: 1.000, query accuracy: 1.000
Iteration 1350: loss: 0.342, support accuracy: 0.975, query accuracy: 0.962
Iteration 1360: loss: 0.314, support accuracy: 0.975, query accuracy: 1.000
Iteration 1370: loss: 0.316, support accuracy: 0.975, query accuracy: 1.000
Iteration 1380: loss: 0.327, support accuracy: 1.000, query accuracy: 0.987
Iteration 1390: loss: 0.315, support accuracy: 1.000, query accuracy: 1.000
Iteration 1400: loss: 0.322, support accuracy: 0.950, query accuracy: 0.987
Iteration 1410: loss: 0.323, support accuracy: 1.000, query accuracy: 1.000
Iteration 1420: loss: 0.322, support accuracy: 0.975, query accuracy: 0.987
Iteration 1430: loss: 0.338, support accuracy: 1.000, query accuracy: 0.975
Iteration 1440: loss: 0.351, support accuracy: 1.000, query accuracy: 0.950
Iteration 1450: loss: 0.314, support accuracy: 1.000, query accuracy: 1.000
Iteration 1460: loss: 0.314, support accuracy: 1.000, query accuracy: 1.000
Iteration 1470: loss: 0.315, support accuracy: 1.000, query accuracy: 1.000
Iteration 1480: loss: 0.314, support accuracy: 1.000, query accuracy: 1.000
Iteration 1490: loss: 0.314, support accuracy: 1.000, query accuracy: 1.000
Iteration 1500: loss: 0.322, support accuracy: 1.000, query accuracy: 0.987
Iteration 1510: loss: 0.337, support accuracy: 1.000, query accuracy: 0.975
Iteration 1520: loss: 0.316, support accuracy: 1.000, query accuracy: 1.000
Iteration 1530: loss: 0.326, support accuracy: 1.000, query accuracy: 0.987
Iteration 1540: loss: 0.322, support accuracy: 1.000, query accuracy: 0.987
Iteration 1550: loss: 0.343, support accuracy: 1.000, query accuracy: 0.975
Iteration 1560: loss: 0.321, support accuracy: 1.000, query accuracy: 0.987
Iteration 1570: loss: 0.318, support accuracy: 1.000, query accuracy: 1.000
Iteration 1580: loss: 0.338, support accuracy: 1.000, query accuracy: 0.975
Iteration 1590: loss: 0.315, support accuracy: 1.000, query accuracy: 1.000
Iteration 1600: loss: 0.325, support accuracy: 1.000, query accuracy: 1.000
Iteration 1610: loss: 0.314, support accuracy: 1.000, query accuracy: 1.000
Iteration 1620: loss: 0.314, support accuracy: 1.000, query accuracy: 1.000
Iteration 1630: loss: 0.314, support accuracy: 1.000, query accuracy: 1.000
Iteration 1640: loss: 0.331, support accuracy: 1.000, query accuracy: 0.987
Iteration 1650: loss: 0.332, support accuracy: 1.000, query accuracy: 0.987
Iteration 1660: loss: 0.329, support accuracy: 1.000, query accuracy: 0.987
Iteration 1670: loss: 0.315, support accuracy: 1.000, query accuracy: 1.000
Iteration 1680: loss: 0.318, support accuracy: 1.000, query accuracy: 1.000
Iteration 1690: loss: 0.330, support accuracy: 1.000, query accuracy: 0.975
Iteration 1700: loss: 0.317, support accuracy: 1.000, query accuracy: 1.000
Iteration 1710: loss: 0.349, support accuracy: 1.000, query accuracy: 0.962
Iteration 1720: loss: 0.316, support accuracy: 1.000, query accuracy: 1.000
Iteration 1730: loss: 0.361, support accuracy: 1.000, query accuracy: 0.950
Iteration 1740: loss: 0.346, support accuracy: 0.975, query accuracy: 0.962
Iteration 1750: loss: 0.326, support accuracy: 1.000, query accuracy: 0.987
Iteration 1760: loss: 0.319, support accuracy: 1.000, query accuracy: 1.000
Iteration 1770: loss: 0.333, support accuracy: 1.000, query accuracy: 0.987
Iteration 1780: loss: 0.316, support accuracy: 0.975, query accuracy: 1.000
Iteration 1790: loss: 0.350, support accuracy: 1.000, query accuracy: 0.962
Iteration 1800: loss: 0.318, support accuracy: 1.000, query accuracy: 1.000
Iteration 1810: loss: 0.315, support accuracy: 1.000, query accuracy: 1.000
Iteration 1820: loss: 0.328, support accuracy: 1.000, query accuracy: 0.987
Iteration 1830: loss: 0.323, support accuracy: 1.000, query accuracy: 0.987
Iteration 1840: loss: 0.316, support accuracy: 1.000, query accuracy: 1.000
Iteration 1850: loss: 0.316, support accuracy: 1.000, query accuracy: 1.000
Iteration 1860: loss: 0.329, support accuracy: 1.000, query accuracy: 0.987
Iteration 1870: loss: 0.316, support accuracy: 1.000, query accuracy: 1.000
Iteration 1880: loss: 0.320, support accuracy: 0.975, query accuracy: 1.000
Iteration 1890: loss: 0.333, support accuracy: 0.975, query accuracy: 0.987
Iteration 1900: loss: 0.323, support accuracy: 0.950, query accuracy: 0.987
Iteration 1910: loss: 0.320, support accuracy: 1.000, query accuracy: 0.987
Iteration 1920: loss: 0.339, support accuracy: 1.000, query accuracy: 0.975
Iteration 1930: loss: 0.315, support accuracy: 1.000, query accuracy: 1.000
Iteration 1940: loss: 0.327, support accuracy: 1.000, query accuracy: 0.987
Iteration 1950: loss: 0.342, support accuracy: 1.000, query accuracy: 0.962
Iteration 1960: loss: 0.315, support accuracy: 1.000, query accuracy: 1.000
Iteration 1970: loss: 0.320, support accuracy: 1.000, query accuracy: 0.987
Iteration 1980: loss: 0.327, support accuracy: 1.000, query accuracy: 0.987
Iteration 1990: loss: 0.328, support accuracy: 1.000, query accuracy: 0.975
Iteration 2000: loss: 0.328, support accuracy: 0.975, query accuracy: 0.987
Start Validation...
Validation: loss: 0.560, support accuracy: 0.912, query accuracy: 0.730 Ci95: 0.004
Saved checkpoint.
Iteration 2010: loss: 0.315, support accuracy: 0.950, query accuracy: 1.000
Iteration 2020: loss: 0.339, support accuracy: 0.975, query accuracy: 0.975
Iteration 2030: loss: 0.316, support accuracy: 1.000, query accuracy: 1.000
Iteration 2040: loss: 0.327, support accuracy: 1.000, query accuracy: 0.987
Iteration 2050: loss: 0.323, support accuracy: 1.000, query accuracy: 0.987
Iteration 2060: loss: 0.362, support accuracy: 1.000, query accuracy: 0.938
Iteration 2070: loss: 0.319, support accuracy: 1.000, query accuracy: 1.000
Iteration 2080: loss: 0.314, support accuracy: 1.000, query accuracy: 1.000
Iteration 2090: loss: 0.314, support accuracy: 1.000, query accuracy: 1.000
Iteration 2100: loss: 0.317, support accuracy: 1.000, query accuracy: 1.000
Iteration 2110: loss: 0.318, support accuracy: 1.000, query accuracy: 1.000
Iteration 2120: loss: 0.327, support accuracy: 1.000, query accuracy: 0.987
Iteration 2130: loss: 0.326, support accuracy: 1.000, query accuracy: 0.987
Iteration 2140: loss: 0.314, support accuracy: 1.000, query accuracy: 1.000
Iteration 2150: loss: 0.334, support accuracy: 1.000, query accuracy: 0.975
Iteration 2160: loss: 0.316, support accuracy: 1.000, query accuracy: 1.000
Iteration 2170: loss: 0.317, support accuracy: 1.000, query accuracy: 1.000
Iteration 2180: loss: 0.325, support accuracy: 0.975, query accuracy: 0.987
Iteration 2190: loss: 0.336, support accuracy: 1.000, query accuracy: 0.975
Iteration 2200: loss: 0.316, support accuracy: 1.000, query accuracy: 1.000
Iteration 2210: loss: 0.314, support accuracy: 0.975, query accuracy: 1.000
Iteration 2220: loss: 0.321, support accuracy: 1.000, query accuracy: 1.000
Iteration 2230: loss: 0.327, support accuracy: 1.000, query accuracy: 0.987
Iteration 2240: loss: 0.340, support accuracy: 0.975, query accuracy: 0.975
Iteration 2250: loss: 0.337, support accuracy: 1.000, query accuracy: 0.975
Iteration 2260: loss: 0.331, support accuracy: 1.000, query accuracy: 0.987
Iteration 2270: loss: 0.318, support accuracy: 1.000, query accuracy: 1.000
Iteration 2280: loss: 0.359, support accuracy: 1.000, query accuracy: 0.950
Iteration 2290: loss: 0.314, support accuracy: 1.000, query accuracy: 1.000
Iteration 2300: loss: 0.317, support accuracy: 1.000, query accuracy: 1.000
Iteration 2310: loss: 0.337, support accuracy: 1.000, query accuracy: 0.975
Iteration 2320: loss: 0.315, support accuracy: 1.000, query accuracy: 1.000
Iteration 2330: loss: 0.314, support accuracy: 0.975, query accuracy: 1.000
Iteration 2340: loss: 0.341, support accuracy: 1.000, query accuracy: 0.975
Iteration 2350: loss: 0.338, support accuracy: 1.000, query accuracy: 0.975
Iteration 2360: loss: 0.319, support accuracy: 1.000, query accuracy: 1.000
Iteration 2370: loss: 0.318, support accuracy: 1.000, query accuracy: 1.000
Iteration 2380: loss: 0.328, support accuracy: 1.000, query accuracy: 0.987
Iteration 2390: loss: 0.315, support accuracy: 0.975, query accuracy: 1.000
Iteration 2400: loss: 0.315, support accuracy: 0.975, query accuracy: 1.000
Iteration 2410: loss: 0.318, support accuracy: 1.000, query accuracy: 1.000
Iteration 2420: loss: 0.321, support accuracy: 1.000, query accuracy: 1.000
Iteration 2430: loss: 0.322, support accuracy: 1.000, query accuracy: 0.987
Iteration 2440: loss: 0.315, support accuracy: 1.000, query accuracy: 1.000
Iteration 2450: loss: 0.326, support accuracy: 1.000, query accuracy: 0.987
Iteration 2460: loss: 0.347, support accuracy: 0.950, query accuracy: 0.962
Iteration 2470: loss: 0.324, support accuracy: 1.000, query accuracy: 0.987
Iteration 2480: loss: 0.344, support accuracy: 1.000, query accuracy: 0.963
Iteration 2490: loss: 0.314, support accuracy: 1.000, query accuracy: 1.000
Iteration 2500: loss: 0.328, support accuracy: 1.000, query accuracy: 0.987
Iteration 2510: loss: 0.314, support accuracy: 1.000, query accuracy: 1.000
Iteration 2520: loss: 0.320, support accuracy: 1.000, query accuracy: 1.000
Iteration 2530: loss: 0.321, support accuracy: 0.975, query accuracy: 1.000
Iteration 2540: loss: 0.318, support accuracy: 1.000, query accuracy: 1.000
Iteration 2550: loss: 0.332, support accuracy: 1.000, query accuracy: 0.987
Iteration 2560: loss: 0.320, support accuracy: 1.000, query accuracy: 1.000
Iteration 2570: loss: 0.315, support accuracy: 1.000, query accuracy: 1.000
Iteration 2580: loss: 0.315, support accuracy: 1.000, query accuracy: 1.000
Iteration 2590: loss: 0.326, support accuracy: 1.000, query accuracy: 0.987
Iteration 2600: loss: 0.315, support accuracy: 1.000, query accuracy: 1.000
Iteration 2610: loss: 0.314, support accuracy: 1.000, query accuracy: 1.000
Iteration 2620: loss: 0.340, support accuracy: 1.000, query accuracy: 0.975
Iteration 2630: loss: 0.346, support accuracy: 1.000, query accuracy: 0.962
Iteration 2640: loss: 0.340, support accuracy: 1.000, query accuracy: 0.975
Iteration 2650: loss: 0.321, support accuracy: 0.975, query accuracy: 1.000
Iteration 2660: loss: 0.326, support accuracy: 1.000, query accuracy: 0.987
Iteration 2670: loss: 0.314, support accuracy: 1.000, query accuracy: 1.000
Iteration 2680: loss: 0.330, support accuracy: 1.000, query accuracy: 0.987
Iteration 2690: loss: 0.330, support accuracy: 1.000, query accuracy: 0.987
Iteration 2700: loss: 0.337, support accuracy: 1.000, query accuracy: 0.975
Iteration 2710: loss: 0.314, support accuracy: 0.975, query accuracy: 1.000
Iteration 2720: loss: 0.315, support accuracy: 1.000, query accuracy: 1.000
Iteration 2730: loss: 0.348, support accuracy: 1.000, query accuracy: 0.962
Iteration 2740: loss: 0.351, support accuracy: 0.975, query accuracy: 0.962
Iteration 2750: loss: 0.326, support accuracy: 1.000, query accuracy: 0.987
Iteration 2760: loss: 0.332, support accuracy: 0.975, query accuracy: 0.987
Iteration 2770: loss: 0.330, support accuracy: 1.000, query accuracy: 0.987
Iteration 2780: loss: 0.315, support accuracy: 1.000, query accuracy: 1.000
Iteration 2790: loss: 0.320, support accuracy: 1.000, query accuracy: 1.000
Iteration 2800: loss: 0.328, support accuracy: 0.975, query accuracy: 0.987
Iteration 2810: loss: 0.314, support accuracy: 1.000, query accuracy: 1.000
Iteration 2820: loss: 0.314, support accuracy: 1.000, query accuracy: 1.000
Iteration 2830: loss: 0.325, support accuracy: 0.975, query accuracy: 1.000
Iteration 2840: loss: 0.314, support accuracy: 1.000, query accuracy: 1.000
Iteration 2850: loss: 0.329, support accuracy: 0.975, query accuracy: 0.987
Iteration 2860: loss: 0.315, support accuracy: 1.000, query accuracy: 1.000
Iteration 2870: loss: 0.313, support accuracy: 1.000, query accuracy: 1.000
Iteration 2880: loss: 0.315, support accuracy: 1.000, query accuracy: 1.000
Iteration 2890: loss: 0.314, support accuracy: 1.000, query accuracy: 1.000
Iteration 2900: loss: 0.317, support accuracy: 1.000, query accuracy: 1.000
Iteration 2910: loss: 0.315, support accuracy: 1.000, query accuracy: 1.000
Iteration 2920: loss: 0.314, support accuracy: 1.000, query accuracy: 1.000
Iteration 2930: loss: 0.322, support accuracy: 1.000, query accuracy: 0.987
Iteration 2940: loss: 0.332, support accuracy: 1.000, query accuracy: 0.987
Iteration 2950: loss: 0.328, support accuracy: 1.000, query accuracy: 0.987
Iteration 2960: loss: 0.315, support accuracy: 1.000, query accuracy: 1.000
Iteration 2970: loss: 0.314, support accuracy: 1.000, query accuracy: 1.000
Iteration 2980: loss: 0.314, support accuracy: 1.000, query accuracy: 1.000
Iteration 2990: loss: 0.314, support accuracy: 1.000, query accuracy: 1.000
Iteration 3000: loss: 0.315, support accuracy: 0.975, query accuracy: 1.000
Iteration 3010: loss: 0.314, support accuracy: 1.000, query accuracy: 1.000
Iteration 3020: loss: 0.322, support accuracy: 1.000, query accuracy: 1.000
Iteration 3030: loss: 0.313, support accuracy: 1.000, query accuracy: 1.000
Iteration 3040: loss: 0.327, support accuracy: 1.000, query accuracy: 0.975
Iteration 3050: loss: 0.327, support accuracy: 1.000, query accuracy: 0.987
Iteration 3060: loss: 0.314, support accuracy: 0.975, query accuracy: 1.000
Iteration 3070: loss: 0.322, support accuracy: 1.000, query accuracy: 1.000
Iteration 3080: loss: 0.317, support accuracy: 1.000, query accuracy: 1.000
Iteration 3090: loss: 0.325, support accuracy: 1.000, query accuracy: 0.987
Iteration 3100: loss: 0.319, support accuracy: 1.000, query accuracy: 1.000
Iteration 3110: loss: 0.321, support accuracy: 1.000, query accuracy: 0.987
Iteration 3120: loss: 0.317, support accuracy: 1.000, query accuracy: 1.000
Iteration 3130: loss: 0.339, support accuracy: 1.000, query accuracy: 0.975
Iteration 3140: loss: 0.325, support accuracy: 1.000, query accuracy: 0.987
Iteration 3150: loss: 0.327, support accuracy: 0.975, query accuracy: 0.987
Iteration 3160: loss: 0.326, support accuracy: 1.000, query accuracy: 1.000
Iteration 3170: loss: 0.326, support accuracy: 1.000, query accuracy: 0.987
Iteration 3180: loss: 0.324, support accuracy: 0.975, query accuracy: 0.987
Iteration 3190: loss: 0.319, support accuracy: 1.000, query accuracy: 1.000
Iteration 3200: loss: 0.315, support accuracy: 1.000, query accuracy: 1.000
Iteration 3210: loss: 0.317, support accuracy: 1.000, query accuracy: 1.000
Iteration 3220: loss: 0.320, support accuracy: 1.000, query accuracy: 0.987
Iteration 3230: loss: 0.326, support accuracy: 1.000, query accuracy: 0.987
Iteration 3240: loss: 0.326, support accuracy: 1.000, query accuracy: 0.987
Iteration 3250: loss: 0.316, support accuracy: 0.975, query accuracy: 1.000
Iteration 3260: loss: 0.316, support accuracy: 1.000, query accuracy: 1.000
Iteration 3270: loss: 0.349, support accuracy: 0.975, query accuracy: 0.962
Iteration 3280: loss: 0.323, support accuracy: 0.975, query accuracy: 0.987
Iteration 3290: loss: 0.320, support accuracy: 1.000, query accuracy: 1.000
Iteration 3300: loss: 0.321, support accuracy: 1.000, query accuracy: 0.987
Iteration 3310: loss: 0.324, support accuracy: 1.000, query accuracy: 0.987
Iteration 3320: loss: 0.347, support accuracy: 0.950, query accuracy: 0.975
Iteration 3330: loss: 0.315, support accuracy: 1.000, query accuracy: 1.000
Iteration 3340: loss: 0.317, support accuracy: 1.000, query accuracy: 1.000
Iteration 3350: loss: 0.318, support accuracy: 0.975, query accuracy: 1.000
Iteration 3360: loss: 0.315, support accuracy: 1.000, query accuracy: 1.000
Iteration 3370: loss: 0.318, support accuracy: 1.000, query accuracy: 1.000
Iteration 3380: loss: 0.315, support accuracy: 0.975, query accuracy: 1.000
Iteration 3390: loss: 0.338, support accuracy: 1.000, query accuracy: 0.975
Iteration 3400: loss: 0.340, support accuracy: 1.000, query accuracy: 0.975
Iteration 3410: loss: 0.314, support accuracy: 1.000, query accuracy: 1.000
Iteration 3420: loss: 0.330, support accuracy: 1.000, query accuracy: 0.975
Iteration 3430: loss: 0.315, support accuracy: 1.000, query accuracy: 1.000
Iteration 3440: loss: 0.327, support accuracy: 1.000, query accuracy: 0.987
Iteration 3450: loss: 0.325, support accuracy: 1.000, query accuracy: 0.987
Iteration 3460: loss: 0.330, support accuracy: 0.975, query accuracy: 0.987
Iteration 3470: loss: 0.318, support accuracy: 1.000, query accuracy: 1.000
Iteration 3480: loss: 0.342, support accuracy: 1.000, query accuracy: 0.975
Iteration 3490: loss: 0.328, support accuracy: 1.000, query accuracy: 0.987
Iteration 3500: loss: 0.323, support accuracy: 1.000, query accuracy: 0.987
Iteration 3510: loss: 0.328, support accuracy: 1.000, query accuracy: 0.987
Iteration 3520: loss: 0.315, support accuracy: 0.975, query accuracy: 1.000
Iteration 3530: loss: 0.335, support accuracy: 1.000, query accuracy: 0.975
Iteration 3540: loss: 0.315, support accuracy: 1.000, query accuracy: 1.000
Iteration 3550: loss: 0.313, support accuracy: 1.000, query accuracy: 1.000
Iteration 3560: loss: 0.318, support accuracy: 1.000, query accuracy: 1.000
Iteration 3570: loss: 0.316, support accuracy: 0.975, query accuracy: 1.000
Iteration 3580: loss: 0.325, support accuracy: 0.950, query accuracy: 0.987
Iteration 3590: loss: 0.321, support accuracy: 1.000, query accuracy: 0.987
Iteration 3600: loss: 0.314, support accuracy: 1.000, query accuracy: 1.000
Iteration 3610: loss: 0.314, support accuracy: 1.000, query accuracy: 1.000
Iteration 3620: loss: 0.317, support accuracy: 1.000, query accuracy: 1.000
Iteration 3630: loss: 0.316, support accuracy: 1.000, query accuracy: 1.000
Iteration 3640: loss: 0.335, support accuracy: 1.000, query accuracy: 0.975
Iteration 3650: loss: 0.314, support accuracy: 1.000, query accuracy: 1.000
Iteration 3660: loss: 0.314, support accuracy: 1.000, query accuracy: 1.000
Iteration 3670: loss: 0.327, support accuracy: 1.000, query accuracy: 0.987
Iteration 3680: loss: 0.315, support accuracy: 1.000, query accuracy: 1.000
Iteration 3690: loss: 0.317, support accuracy: 1.000, query accuracy: 1.000
Iteration 3700: loss: 0.332, support accuracy: 1.000, query accuracy: 0.987
Iteration 3710: loss: 0.314, support accuracy: 1.000, query accuracy: 1.000
Iteration 3720: loss: 0.319, support accuracy: 1.000, query accuracy: 1.000
Iteration 3730: loss: 0.321, support accuracy: 1.000, query accuracy: 0.987
Iteration 3740: loss: 0.314, support accuracy: 1.000, query accuracy: 1.000
Iteration 3750: loss: 0.314, support accuracy: 0.975, query accuracy: 1.000
Iteration 3760: loss: 0.328, support accuracy: 1.000, query accuracy: 0.987
Iteration 3770: loss: 0.315, support accuracy: 0.975, query accuracy: 1.000
Iteration 3780: loss: 0.315, support accuracy: 1.000, query accuracy: 1.000
Iteration 3790: loss: 0.326, support accuracy: 0.975, query accuracy: 0.987
Iteration 3800: loss: 0.328, support accuracy: 1.000, query accuracy: 0.987
Iteration 3810: loss: 0.341, support accuracy: 1.000, query accuracy: 0.975
Iteration 3820: loss: 0.313, support accuracy: 1.000, query accuracy: 1.000
Iteration 3830: loss: 0.314, support accuracy: 1.000, query accuracy: 1.000
Iteration 3840: loss: 0.315, support accuracy: 1.000, query accuracy: 1.000
Iteration 3850: loss: 0.324, support accuracy: 1.000, query accuracy: 0.987
Iteration 3860: loss: 0.314, support accuracy: 1.000, query accuracy: 1.000
Iteration 3870: loss: 0.338, support accuracy: 1.000, query accuracy: 0.975
Iteration 3880: loss: 0.325, support accuracy: 1.000, query accuracy: 0.987
Iteration 3890: loss: 0.315, support accuracy: 1.000, query accuracy: 1.000
Iteration 3900: loss: 0.324, support accuracy: 1.000, query accuracy: 0.987
Iteration 3910: loss: 0.314, support accuracy: 0.975, query accuracy: 1.000
Iteration 3920: loss: 0.339, support accuracy: 1.000, query accuracy: 0.975
Iteration 3930: loss: 0.316, support accuracy: 1.000, query accuracy: 1.000
Iteration 3940: loss: 0.314, support accuracy: 1.000, query accuracy: 1.000
Iteration 3950: loss: 0.314, support accuracy: 1.000, query accuracy: 1.000
Iteration 3960: loss: 0.331, support accuracy: 1.000, query accuracy: 0.975
Iteration 3970: loss: 0.315, support accuracy: 1.000, query accuracy: 1.000
Iteration 3980: loss: 0.314, support accuracy: 1.000, query accuracy: 1.000
Iteration 3990: loss: 0.316, support accuracy: 1.000, query accuracy: 1.000
Iteration 4000: loss: 0.323, support accuracy: 1.000, query accuracy: 0.987
Start Validation...
Validation: loss: 0.568, support accuracy: 0.893, query accuracy: 0.723 Ci95: 0.004
Saved checkpoint.
Iteration 4010: loss: 0.314, support accuracy: 1.000, query accuracy: 1.000
Iteration 4020: loss: 0.314, support accuracy: 1.000, query accuracy: 1.000
Iteration 4030: loss: 0.324, support accuracy: 1.000, query accuracy: 0.987
Iteration 4040: loss: 0.319, support accuracy: 1.000, query accuracy: 1.000
Iteration 4050: loss: 0.316, support accuracy: 1.000, query accuracy: 1.000
Iteration 4060: loss: 0.314, support accuracy: 1.000, query accuracy: 1.000
Iteration 4070: loss: 0.314, support accuracy: 1.000, query accuracy: 1.000
Iteration 4080: loss: 0.318, support accuracy: 1.000, query accuracy: 0.987
Iteration 4090: loss: 0.314, support accuracy: 1.000, query accuracy: 1.000
Iteration 4100: loss: 0.313, support accuracy: 1.000, query accuracy: 1.000
Iteration 4110: loss: 0.314, support accuracy: 1.000, query accuracy: 1.000
Iteration 4120: loss: 0.314, support accuracy: 1.000, query accuracy: 1.000
Iteration 4130: loss: 0.315, support accuracy: 1.000, query accuracy: 1.000
Iteration 4140: loss: 0.326, support accuracy: 1.000, query accuracy: 0.987
Iteration 4150: loss: 0.314, support accuracy: 1.000, query accuracy: 1.000
Iteration 4160: loss: 0.315, support accuracy: 1.000, query accuracy: 1.000
Iteration 4170: loss: 0.327, support accuracy: 0.975, query accuracy: 0.987
Iteration 4180: loss: 0.313, support accuracy: 1.000, query accuracy: 1.000
Iteration 4190: loss: 0.317, support accuracy: 1.000, query accuracy: 1.000
Iteration 4200: loss: 0.314, support accuracy: 1.000, query accuracy: 1.000
Iteration 4210: loss: 0.321, support accuracy: 0.950, query accuracy: 0.987
Iteration 4220: loss: 0.314, support accuracy: 1.000, query accuracy: 1.000
Iteration 4230: loss: 0.326, support accuracy: 1.000, query accuracy: 0.987
Iteration 4240: loss: 0.326, support accuracy: 1.000, query accuracy: 0.987
Iteration 4250: loss: 0.316, support accuracy: 1.000, query accuracy: 1.000
Iteration 4260: loss: 0.314, support accuracy: 1.000, query accuracy: 1.000
Iteration 4270: loss: 0.314, support accuracy: 1.000, query accuracy: 1.000
Iteration 4280: loss: 0.314, support accuracy: 1.000, query accuracy: 1.000
Iteration 4290: loss: 0.314, support accuracy: 1.000, query accuracy: 1.000
Iteration 4300: loss: 0.314, support accuracy: 1.000, query accuracy: 1.000
Iteration 4310: loss: 0.340, support accuracy: 1.000, query accuracy: 0.963
Iteration 4320: loss: 0.315, support accuracy: 0.975, query accuracy: 1.000
Iteration 4330: loss: 0.314, support accuracy: 1.000, query accuracy: 1.000
Iteration 4340: loss: 0.316, support accuracy: 1.000, query accuracy: 1.000
Iteration 4350: loss: 0.315, support accuracy: 1.000, query accuracy: 1.000
Iteration 4360: loss: 0.339, support accuracy: 1.000, query accuracy: 0.987
Iteration 4370: loss: 0.325, support accuracy: 0.925, query accuracy: 0.987
Iteration 4380: loss: 0.314, support accuracy: 1.000, query accuracy: 1.000
Iteration 4390: loss: 0.313, support accuracy: 1.000, query accuracy: 1.000
Iteration 4400: loss: 0.315, support accuracy: 1.000, query accuracy: 1.000
Iteration 4410: loss: 0.320, support accuracy: 1.000, query accuracy: 0.987
Iteration 4420: loss: 0.332, support accuracy: 1.000, query accuracy: 0.975
Iteration 4430: loss: 0.314, support accuracy: 1.000, query accuracy: 1.000
Iteration 4440: loss: 0.314, support accuracy: 1.000, query accuracy: 1.000
Iteration 4450: loss: 0.314, support accuracy: 0.975, query accuracy: 1.000
Iteration 4460: loss: 0.313, support accuracy: 1.000, query accuracy: 1.000
Iteration 4470: loss: 0.316, support accuracy: 1.000, query accuracy: 1.000
Iteration 4480: loss: 0.313, support accuracy: 1.000, query accuracy: 1.000
Iteration 4490: loss: 0.333, support accuracy: 1.000, query accuracy: 0.975
Iteration 4500: loss: 0.323, support accuracy: 1.000, query accuracy: 0.987
Iteration 4510: loss: 0.318, support accuracy: 1.000, query accuracy: 1.000
Iteration 4520: loss: 0.314, support accuracy: 1.000, query accuracy: 1.000
Iteration 4530: loss: 0.313, support accuracy: 1.000, query accuracy: 1.000
Iteration 4540: loss: 0.313, support accuracy: 1.000, query accuracy: 1.000
Iteration 4550: loss: 0.329, support accuracy: 1.000, query accuracy: 0.987
Iteration 4560: loss: 0.321, support accuracy: 1.000, query accuracy: 0.987
Iteration 4570: loss: 0.327, support accuracy: 1.000, query accuracy: 0.987
Iteration 4580: loss: 0.315, support accuracy: 1.000, query accuracy: 1.000
Iteration 4590: loss: 0.314, support accuracy: 1.000, query accuracy: 1.000
Iteration 4600: loss: 0.326, support accuracy: 1.000, query accuracy: 0.987
Iteration 4610: loss: 0.313, support accuracy: 1.000, query accuracy: 1.000
Iteration 4620: loss: 0.314, support accuracy: 1.000, query accuracy: 1.000
Iteration 4630: loss: 0.346, support accuracy: 1.000, query accuracy: 0.963
Iteration 4640: loss: 0.314, support accuracy: 1.000, query accuracy: 1.000
Iteration 4650: loss: 0.314, support accuracy: 1.000, query accuracy: 1.000
Iteration 4660: loss: 0.314, support accuracy: 0.975, query accuracy: 1.000
Iteration 4670: loss: 0.337, support accuracy: 1.000, query accuracy: 0.975
Iteration 4680: loss: 0.313, support accuracy: 1.000, query accuracy: 1.000
Iteration 4690: loss: 0.326, support accuracy: 1.000, query accuracy: 0.987
Iteration 4700: loss: 0.314, support accuracy: 1.000, query accuracy: 1.000
Iteration 4710: loss: 0.314, support accuracy: 1.000, query accuracy: 1.000
Iteration 4720: loss: 0.329, support accuracy: 1.000, query accuracy: 0.987
Iteration 4730: loss: 0.323, support accuracy: 1.000, query accuracy: 0.987
Iteration 4740: loss: 0.316, support accuracy: 0.975, query accuracy: 1.000
Iteration 4750: loss: 0.326, support accuracy: 1.000, query accuracy: 0.987
Iteration 4760: loss: 0.314, support accuracy: 1.000, query accuracy: 1.000
Iteration 4770: loss: 0.314, support accuracy: 1.000, query accuracy: 1.000
Iteration 4780: loss: 0.314, support accuracy: 0.975, query accuracy: 1.000
Iteration 4790: loss: 0.313, support accuracy: 0.950, query accuracy: 1.000
Iteration 4800: loss: 0.314, support accuracy: 1.000, query accuracy: 1.000
Iteration 4810: loss: 0.314, support accuracy: 1.000, query accuracy: 1.000
Iteration 4820: loss: 0.313, support accuracy: 1.000, query accuracy: 1.000
Iteration 4830: loss: 0.314, support accuracy: 1.000, query accuracy: 1.000
Iteration 4840: loss: 0.317, support accuracy: 1.000, query accuracy: 1.000
Iteration 4850: loss: 0.315, support accuracy: 1.000, query accuracy: 1.000
Iteration 4860: loss: 0.333, support accuracy: 1.000, query accuracy: 0.987
Iteration 4870: loss: 0.313, support accuracy: 0.975, query accuracy: 1.000
Iteration 4880: loss: 0.319, support accuracy: 1.000, query accuracy: 1.000
Iteration 4890: loss: 0.337, support accuracy: 1.000, query accuracy: 0.975
Iteration 4900: loss: 0.317, support accuracy: 1.000, query accuracy: 1.000
Iteration 4910: loss: 0.326, support accuracy: 1.000, query accuracy: 0.987
Iteration 4920: loss: 0.314, support accuracy: 1.000, query accuracy: 1.000
Iteration 4930: loss: 0.322, support accuracy: 1.000, query accuracy: 0.987
Iteration 4940: loss: 0.324, support accuracy: 0.975, query accuracy: 0.987
Iteration 4950: loss: 0.314, support accuracy: 1.000, query accuracy: 1.000
Iteration 4960: loss: 0.316, support accuracy: 1.000, query accuracy: 1.000
Iteration 4970: loss: 0.314, support accuracy: 1.000, query accuracy: 1.000
Iteration 4980: loss: 0.335, support accuracy: 1.000, query accuracy: 0.975
Iteration 4990: loss: 0.326, support accuracy: 1.000, query accuracy: 0.987
Iteration 5000: loss: 0.313, support accuracy: 1.000, query accuracy: 1.000
Iteration 5010: loss: 0.315, support accuracy: 1.000, query accuracy: 1.000
Iteration 5020: loss: 0.314, support accuracy: 1.000, query accuracy: 1.000
Iteration 5030: loss: 0.314, support accuracy: 1.000, query accuracy: 1.000
Iteration 5040: loss: 0.327, support accuracy: 1.000, query accuracy: 0.987
Iteration 5050: loss: 0.325, support accuracy: 1.000, query accuracy: 0.987
Iteration 5060: loss: 0.318, support accuracy: 1.000, query accuracy: 1.000
Iteration 5070: loss: 0.323, support accuracy: 1.000, query accuracy: 0.987
Iteration 5080: loss: 0.314, support accuracy: 1.000, query accuracy: 1.000
Iteration 5090: loss: 0.314, support accuracy: 1.000, query accuracy: 1.000
Iteration 5100: loss: 0.316, support accuracy: 1.000, query accuracy: 1.000
Iteration 5110: loss: 0.316, support accuracy: 1.000, query accuracy: 1.000
Iteration 5120: loss: 0.315, support accuracy: 1.000, query accuracy: 1.000
Iteration 5130: loss: 0.314, support accuracy: 1.000, query accuracy: 1.000
Iteration 5140: loss: 0.316, support accuracy: 1.000, query accuracy: 1.000
Iteration 5150: loss: 0.328, support accuracy: 1.000, query accuracy: 0.987
Iteration 5160: loss: 0.326, support accuracy: 1.000, query accuracy: 0.987
Iteration 5170: loss: 0.316, support accuracy: 0.975, query accuracy: 1.000
Iteration 5180: loss: 0.314, support accuracy: 1.000, query accuracy: 1.000
Iteration 5190: loss: 0.326, support accuracy: 1.000, query accuracy: 0.987
Iteration 5200: loss: 0.334, support accuracy: 0.975, query accuracy: 0.987
Iteration 5210: loss: 0.342, support accuracy: 1.000, query accuracy: 0.975
Iteration 5220: loss: 0.314, support accuracy: 1.000, query accuracy: 1.000
Iteration 5230: loss: 0.314, support accuracy: 1.000, query accuracy: 1.000
Iteration 5240: loss: 0.348, support accuracy: 1.000, query accuracy: 0.962
Iteration 5250: loss: 0.315, support accuracy: 1.000, query accuracy: 1.000
Iteration 5260: loss: 0.326, support accuracy: 1.000, query accuracy: 0.987
Iteration 5270: loss: 0.319, support accuracy: 1.000, query accuracy: 1.000
Iteration 5280: loss: 0.318, support accuracy: 1.000, query accuracy: 1.000
Iteration 5290: loss: 0.316, support accuracy: 1.000, query accuracy: 1.000
Iteration 5300: loss: 0.315, support accuracy: 0.975, query accuracy: 1.000
Iteration 5310: loss: 0.340, support accuracy: 1.000, query accuracy: 0.987
Iteration 5320: loss: 0.314, support accuracy: 1.000, query accuracy: 1.000
Iteration 5330: loss: 0.314, support accuracy: 1.000, query accuracy: 1.000
Iteration 5340: loss: 0.314, support accuracy: 1.000, query accuracy: 1.000
Iteration 5350: loss: 0.314, support accuracy: 1.000, query accuracy: 1.000
Iteration 5360: loss: 0.314, support accuracy: 1.000, query accuracy: 1.000
Iteration 5370: loss: 0.313, support accuracy: 1.000, query accuracy: 1.000
Iteration 5380: loss: 0.314, support accuracy: 1.000, query accuracy: 1.000
Iteration 5390: loss: 0.314, support accuracy: 1.000, query accuracy: 1.000
Iteration 5400: loss: 0.317, support accuracy: 1.000, query accuracy: 1.000
Iteration 5410: loss: 0.323, support accuracy: 1.000, query accuracy: 0.987
Iteration 5420: loss: 0.315, support accuracy: 1.000, query accuracy: 1.000
Iteration 5430: loss: 0.316, support accuracy: 1.000, query accuracy: 1.000
Iteration 5440: loss: 0.314, support accuracy: 1.000, query accuracy: 1.000
Iteration 5450: loss: 0.314, support accuracy: 1.000, query accuracy: 1.000
Iteration 5460: loss: 0.314, support accuracy: 1.000, query accuracy: 1.000
Iteration 5470: loss: 0.314, support accuracy: 1.000, query accuracy: 1.000
Iteration 5480: loss: 0.314, support accuracy: 1.000, query accuracy: 1.000
Iteration 5490: loss: 0.326, support accuracy: 1.000, query accuracy: 0.987
Iteration 5500: loss: 0.313, support accuracy: 1.000, query accuracy: 1.000
Iteration 5510: loss: 0.314, support accuracy: 1.000, query accuracy: 1.000
Iteration 5520: loss: 0.313, support accuracy: 1.000, query accuracy: 1.000
Iteration 5530: loss: 0.314, support accuracy: 1.000, query accuracy: 1.000
Iteration 5540: loss: 0.313, support accuracy: 1.000, query accuracy: 1.000
Iteration 5550: loss: 0.327, support accuracy: 1.000, query accuracy: 0.987
Iteration 5560: loss: 0.359, support accuracy: 1.000, query accuracy: 0.950
Iteration 5570: loss: 0.316, support accuracy: 1.000, query accuracy: 1.000
Iteration 5580: loss: 0.315, support accuracy: 1.000, query accuracy: 1.000
Iteration 5590: loss: 0.328, support accuracy: 1.000, query accuracy: 0.975
Iteration 5600: loss: 0.328, support accuracy: 1.000, query accuracy: 0.987
Iteration 5610: loss: 0.314, support accuracy: 0.975, query accuracy: 1.000
Iteration 5620: loss: 0.326, support accuracy: 1.000, query accuracy: 0.987
Iteration 5630: loss: 0.332, support accuracy: 1.000, query accuracy: 0.987
Iteration 5640: loss: 0.315, support accuracy: 1.000, query accuracy: 1.000
Iteration 5650: loss: 0.326, support accuracy: 1.000, query accuracy: 0.987
Iteration 5660: loss: 0.314, support accuracy: 1.000, query accuracy: 1.000
Iteration 5670: loss: 0.318, support accuracy: 1.000, query accuracy: 1.000
Iteration 5680: loss: 0.314, support accuracy: 1.000, query accuracy: 1.000
Iteration 5690: loss: 0.315, support accuracy: 1.000, query accuracy: 1.000
Iteration 5700: loss: 0.314, support accuracy: 1.000, query accuracy: 1.000
Iteration 5710: loss: 0.315, support accuracy: 0.975, query accuracy: 1.000
Iteration 5720: loss: 0.314, support accuracy: 0.975, query accuracy: 1.000
Iteration 5730: loss: 0.323, support accuracy: 1.000, query accuracy: 0.987
Iteration 5740: loss: 0.315, support accuracy: 1.000, query accuracy: 1.000
Iteration 5750: loss: 0.314, support accuracy: 1.000, query accuracy: 1.000
Iteration 5760: loss: 0.313, support accuracy: 1.000, query accuracy: 1.000
Iteration 5770: loss: 0.327, support accuracy: 1.000, query accuracy: 0.987
Iteration 5780: loss: 0.313, support accuracy: 0.975, query accuracy: 1.000
Iteration 5790: loss: 0.313, support accuracy: 1.000, query accuracy: 1.000
Iteration 5800: loss: 0.314, support accuracy: 1.000, query accuracy: 1.000
Iteration 5810: loss: 0.314, support accuracy: 1.000, query accuracy: 1.000
Iteration 5820: loss: 0.315, support accuracy: 1.000, query accuracy: 1.000
Iteration 5830: loss: 0.317, support accuracy: 0.950, query accuracy: 1.000
Iteration 5840: loss: 0.315, support accuracy: 1.000, query accuracy: 1.000
Iteration 5850: loss: 0.326, support accuracy: 1.000, query accuracy: 0.987
Iteration 5860: loss: 0.314, support accuracy: 0.975, query accuracy: 1.000
Iteration 5870: loss: 0.314, support accuracy: 1.000, query accuracy: 1.000
Iteration 5880: loss: 0.314, support accuracy: 1.000, query accuracy: 1.000
Iteration 5890: loss: 0.326, support accuracy: 1.000, query accuracy: 0.987
Iteration 5900: loss: 0.314, support accuracy: 1.000, query accuracy: 1.000
Iteration 5910: loss: 0.313, support accuracy: 1.000, query accuracy: 1.000
Iteration 5920: loss: 0.313, support accuracy: 1.000, query accuracy: 1.000
Iteration 5930: loss: 0.314, support accuracy: 1.000, query accuracy: 1.000
Iteration 5940: loss: 0.314, support accuracy: 1.000, query accuracy: 1.000
Iteration 5950: loss: 0.315, support accuracy: 0.975, query accuracy: 1.000
Iteration 5960: loss: 0.326, support accuracy: 1.000, query accuracy: 0.987
Iteration 5970: loss: 0.314, support accuracy: 1.000, query accuracy: 1.000
Iteration 5980: loss: 0.315, support accuracy: 1.000, query accuracy: 1.000
Iteration 5990: loss: 0.315, support accuracy: 1.000, query accuracy: 1.000
Iteration 6000: loss: 0.331, support accuracy: 1.000, query accuracy: 0.987
Start Validation...
Validation: loss: 0.586, support accuracy: 0.881, query accuracy: 0.705 Ci95: 0.004
Saved checkpoint.
Iteration 6010: loss: 0.317, support accuracy: 1.000, query accuracy: 1.000
Iteration 6020: loss: 0.317, support accuracy: 0.975, query accuracy: 1.000
Iteration 6030: loss: 0.316, support accuracy: 1.000, query accuracy: 1.000
Iteration 6040: loss: 0.326, support accuracy: 1.000, query accuracy: 0.987
Iteration 6050: loss: 0.314, support accuracy: 1.000, query accuracy: 1.000
Iteration 6060: loss: 0.315, support accuracy: 0.950, query accuracy: 1.000
Iteration 6070: loss: 0.326, support accuracy: 1.000, query accuracy: 0.987
Iteration 6080: loss: 0.319, support accuracy: 1.000, query accuracy: 0.987
Iteration 6090: loss: 0.325, support accuracy: 1.000, query accuracy: 0.987
Iteration 6100: loss: 0.323, support accuracy: 1.000, query accuracy: 0.987
Iteration 6110: loss: 0.328, support accuracy: 0.925, query accuracy: 0.987
Iteration 6120: loss: 0.313, support accuracy: 1.000, query accuracy: 1.000
Iteration 6130: loss: 0.328, support accuracy: 1.000, query accuracy: 0.987
Iteration 6140: loss: 0.313, support accuracy: 1.000, query accuracy: 1.000
Iteration 6150: loss: 0.338, support accuracy: 1.000, query accuracy: 0.975
Iteration 6160: loss: 0.314, support accuracy: 1.000, query accuracy: 1.000
Iteration 6170: loss: 0.313, support accuracy: 0.975, query accuracy: 1.000
Iteration 6180: loss: 0.317, support accuracy: 1.000, query accuracy: 1.000
Iteration 6190: loss: 0.314, support accuracy: 1.000, query accuracy: 1.000
Iteration 6200: loss: 0.326, support accuracy: 1.000, query accuracy: 0.987
Iteration 6210: loss: 0.337, support accuracy: 1.000, query accuracy: 0.975
Iteration 6220: loss: 0.314, support accuracy: 1.000, query accuracy: 1.000
Iteration 6230: loss: 0.319, support accuracy: 0.950, query accuracy: 1.000
Iteration 6240: loss: 0.327, support accuracy: 1.000, query accuracy: 0.987
Iteration 6250: loss: 0.314, support accuracy: 1.000, query accuracy: 1.000
Iteration 6260: loss: 0.314, support accuracy: 1.000, query accuracy: 1.000
Iteration 6270: loss: 0.326, support accuracy: 1.000, query accuracy: 0.987
Iteration 6280: loss: 0.314, support accuracy: 1.000, query accuracy: 1.000
Iteration 6290: loss: 0.313, support accuracy: 1.000, query accuracy: 1.000
Iteration 6300: loss: 0.314, support accuracy: 0.975, query accuracy: 1.000
Iteration 6310: loss: 0.326, support accuracy: 1.000, query accuracy: 0.987
Iteration 6320: loss: 0.324, support accuracy: 1.000, query accuracy: 0.987
Iteration 6330: loss: 0.327, support accuracy: 1.000, query accuracy: 0.987
Iteration 6340: loss: 0.313, support accuracy: 1.000, query accuracy: 1.000
Iteration 6350: loss: 0.326, support accuracy: 1.000, query accuracy: 0.987
Iteration 6360: loss: 0.313, support accuracy: 1.000, query accuracy: 1.000
Iteration 6370: loss: 0.313, support accuracy: 0.975, query accuracy: 1.000
Iteration 6380: loss: 0.314, support accuracy: 1.000, query accuracy: 1.000
Iteration 6390: loss: 0.330, support accuracy: 1.000, query accuracy: 0.987
Iteration 6400: loss: 0.314, support accuracy: 0.975, query accuracy: 1.000
Iteration 6410: loss: 0.315, support accuracy: 1.000, query accuracy: 1.000
Iteration 6420: loss: 0.315, support accuracy: 0.950, query accuracy: 1.000
Iteration 6430: loss: 0.351, support accuracy: 1.000, query accuracy: 0.962
Iteration 6440: loss: 0.314, support accuracy: 1.000, query accuracy: 1.000
Iteration 6450: loss: 0.327, support accuracy: 1.000, query accuracy: 0.987
Iteration 6460: loss: 0.315, support accuracy: 0.950, query accuracy: 1.000
Iteration 6470: loss: 0.316, support accuracy: 1.000, query accuracy: 1.000
Iteration 6480: loss: 0.326, support accuracy: 1.000, query accuracy: 0.987
Iteration 6490: loss: 0.329, support accuracy: 1.000, query accuracy: 0.987
Iteration 6500: loss: 0.340, support accuracy: 1.000, query accuracy: 0.975
Iteration 6510: loss: 0.317, support accuracy: 1.000, query accuracy: 1.000
Iteration 6520: loss: 0.328, support accuracy: 1.000, query accuracy: 0.987
Iteration 6530: loss: 0.314, support accuracy: 1.000, query accuracy: 1.000
Iteration 6540: loss: 0.327, support accuracy: 1.000, query accuracy: 0.987
Iteration 6550: loss: 0.321, support accuracy: 1.000, query accuracy: 0.987
Iteration 6560: loss: 0.313, support accuracy: 1.000, query accuracy: 1.000
Iteration 6570: loss: 0.337, support accuracy: 1.000, query accuracy: 0.975
Iteration 6580: loss: 0.314, support accuracy: 1.000, query accuracy: 1.000
Iteration 6590: loss: 0.314, support accuracy: 1.000, query accuracy: 1.000
Iteration 6600: loss: 0.327, support accuracy: 1.000, query accuracy: 0.987
Iteration 6610: loss: 0.326, support accuracy: 1.000, query accuracy: 0.987
Iteration 6620: loss: 0.313, support accuracy: 1.000, query accuracy: 1.000
Iteration 6630: loss: 0.326, support accuracy: 1.000, query accuracy: 0.987
Iteration 6640: loss: 0.314, support accuracy: 1.000, query accuracy: 1.000
Iteration 6650: loss: 0.315, support accuracy: 0.975, query accuracy: 1.000
Iteration 6660: loss: 0.316, support accuracy: 1.000, query accuracy: 1.000
Iteration 6670: loss: 0.319, support accuracy: 0.975, query accuracy: 1.000
Iteration 6680: loss: 0.326, support accuracy: 1.000, query accuracy: 0.987
Iteration 6690: loss: 0.314, support accuracy: 1.000, query accuracy: 1.000
Iteration 6700: loss: 0.313, support accuracy: 1.000, query accuracy: 1.000
Iteration 6710: loss: 0.314, support accuracy: 1.000, query accuracy: 1.000
Iteration 6720: loss: 0.313, support accuracy: 0.975, query accuracy: 1.000
Iteration 6730: loss: 0.318, support accuracy: 1.000, query accuracy: 1.000
Iteration 6740: loss: 0.315, support accuracy: 1.000, query accuracy: 1.000
Iteration 6750: loss: 0.313, support accuracy: 1.000, query accuracy: 1.000
Iteration 6760: loss: 0.317, support accuracy: 1.000, query accuracy: 1.000
Iteration 6770: loss: 0.331, support accuracy: 1.000, query accuracy: 0.975
Iteration 6780: loss: 0.318, support accuracy: 1.000, query accuracy: 1.000
Iteration 6790: loss: 0.315, support accuracy: 1.000, query accuracy: 1.000
Iteration 6800: loss: 0.314, support accuracy: 1.000, query accuracy: 1.000
Iteration 6810: loss: 0.314, support accuracy: 1.000, query accuracy: 1.000
Iteration 6820: loss: 0.314, support accuracy: 1.000, query accuracy: 1.000
Iteration 6830: loss: 0.316, support accuracy: 1.000, query accuracy: 1.000
Iteration 6840: loss: 0.327, support accuracy: 1.000, query accuracy: 0.987
Iteration 6850: loss: 0.314, support accuracy: 1.000, query accuracy: 1.000
Iteration 6860: loss: 0.314, support accuracy: 1.000, query accuracy: 1.000
Iteration 6870: loss: 0.314, support accuracy: 1.000, query accuracy: 1.000
Iteration 6880: loss: 0.314, support accuracy: 1.000, query accuracy: 1.000
Iteration 6890: loss: 0.313, support accuracy: 1.000, query accuracy: 1.000
Iteration 6900: loss: 0.313, support accuracy: 1.000, query accuracy: 1.000
Iteration 6910: loss: 0.313, support accuracy: 1.000, query accuracy: 1.000
Iteration 6920: loss: 0.313, support accuracy: 1.000, query accuracy: 1.000
Iteration 6930: loss: 0.315, support accuracy: 1.000, query accuracy: 1.000
Iteration 6940: loss: 0.313, support accuracy: 1.000, query accuracy: 1.000
Iteration 6950: loss: 0.324, support accuracy: 1.000, query accuracy: 0.987
Iteration 6960: loss: 0.316, support accuracy: 1.000, query accuracy: 1.000
Iteration 6970: loss: 0.313, support accuracy: 1.000, query accuracy: 1.000
Iteration 6980: loss: 0.321, support accuracy: 1.000, query accuracy: 1.000
Iteration 6990: loss: 0.323, support accuracy: 1.000, query accuracy: 0.987
Iteration 7000: loss: 0.313, support accuracy: 1.000, query accuracy: 1.000
Iteration 7010: loss: 0.315, support accuracy: 1.000, query accuracy: 1.000
Iteration 7020: loss: 0.314, support accuracy: 0.975, query accuracy: 1.000
Iteration 7030: loss: 0.314, support accuracy: 1.000, query accuracy: 1.000
Iteration 7040: loss: 0.315, support accuracy: 1.000, query accuracy: 1.000
Iteration 7050: loss: 0.314, support accuracy: 1.000, query accuracy: 1.000
Iteration 7060: loss: 0.314, support accuracy: 1.000, query accuracy: 1.000
Iteration 7070: loss: 0.314, support accuracy: 0.975, query accuracy: 1.000
Iteration 7080: loss: 0.314, support accuracy: 1.000, query accuracy: 1.000
Iteration 7090: loss: 0.317, support accuracy: 1.000, query accuracy: 1.000
Iteration 7100: loss: 0.314, support accuracy: 1.000, query accuracy: 1.000
Iteration 7110: loss: 0.326, support accuracy: 1.000, query accuracy: 0.987
Iteration 7120: loss: 0.314, support accuracy: 1.000, query accuracy: 1.000
Iteration 7130: loss: 0.313, support accuracy: 1.000, query accuracy: 1.000
Iteration 7140: loss: 0.314, support accuracy: 1.000, query accuracy: 1.000
Iteration 7150: loss: 0.313, support accuracy: 1.000, query accuracy: 1.000
Iteration 7160: loss: 0.326, support accuracy: 1.000, query accuracy: 0.987
Iteration 7170: loss: 0.329, support accuracy: 1.000, query accuracy: 0.975
Iteration 7180: loss: 0.315, support accuracy: 1.000, query accuracy: 1.000
Iteration 7190: loss: 0.313, support accuracy: 1.000, query accuracy: 1.000
Iteration 7200: loss: 0.326, support accuracy: 1.000, query accuracy: 0.987
Iteration 7210: loss: 0.315, support accuracy: 0.975, query accuracy: 1.000
Iteration 7220: loss: 0.313, support accuracy: 1.000, query accuracy: 1.000
Iteration 7230: loss: 0.315, support accuracy: 1.000, query accuracy: 1.000
Iteration 7240: loss: 0.313, support accuracy: 1.000, query accuracy: 1.000
Iteration 7250: loss: 0.313, support accuracy: 1.000, query accuracy: 1.000
Iteration 7260: loss: 0.320, support accuracy: 0.975, query accuracy: 0.987
Iteration 7270: loss: 0.321, support accuracy: 1.000, query accuracy: 0.987
Iteration 7280: loss: 0.315, support accuracy: 1.000, query accuracy: 1.000
Iteration 7290: loss: 0.319, support accuracy: 1.000, query accuracy: 0.987
Iteration 7300: loss: 0.316, support accuracy: 1.000, query accuracy: 1.000
Iteration 7310: loss: 0.326, support accuracy: 1.000, query accuracy: 0.987
Iteration 7320: loss: 0.314, support accuracy: 1.000, query accuracy: 1.000
Iteration 7330: loss: 0.314, support accuracy: 1.000, query accuracy: 1.000
Iteration 7340: loss: 0.314, support accuracy: 1.000, query accuracy: 1.000
Iteration 7350: loss: 0.314, support accuracy: 1.000, query accuracy: 1.000
Iteration 7360: loss: 0.314, support accuracy: 0.975, query accuracy: 1.000
Iteration 7370: loss: 0.317, support accuracy: 1.000, query accuracy: 1.000
Iteration 7380: loss: 0.316, support accuracy: 1.000, query accuracy: 1.000
Iteration 7390: loss: 0.314, support accuracy: 1.000, query accuracy: 1.000
Iteration 7400: loss: 0.314, support accuracy: 1.000, query accuracy: 1.000
Iteration 7410: loss: 0.323, support accuracy: 1.000, query accuracy: 0.987
Iteration 7420: loss: 0.320, support accuracy: 1.000, query accuracy: 0.987
Iteration 7430: loss: 0.313, support accuracy: 1.000, query accuracy: 1.000
Iteration 7440: loss: 0.314, support accuracy: 1.000, query accuracy: 1.000
Iteration 7450: loss: 0.314, support accuracy: 1.000, query accuracy: 1.000
Iteration 7460: loss: 0.316, support accuracy: 1.000, query accuracy: 1.000
Iteration 7470: loss: 0.314, support accuracy: 1.000, query accuracy: 1.000
Iteration 7480: loss: 0.326, support accuracy: 1.000, query accuracy: 0.987
Iteration 7490: loss: 0.314, support accuracy: 1.000, query accuracy: 1.000
Iteration 7500: loss: 0.326, support accuracy: 1.000, query accuracy: 1.000
Iteration 7510: loss: 0.315, support accuracy: 0.975, query accuracy: 1.000
Iteration 7520: loss: 0.322, support accuracy: 1.000, query accuracy: 0.987
Iteration 7530: loss: 0.316, support accuracy: 1.000, query accuracy: 1.000
Iteration 7540: loss: 0.314, support accuracy: 0.975, query accuracy: 1.000
Iteration 7550: loss: 0.313, support accuracy: 1.000, query accuracy: 1.000
Iteration 7560: loss: 0.326, support accuracy: 1.000, query accuracy: 0.987
Iteration 7570: loss: 0.313, support accuracy: 1.000, query accuracy: 1.000
Iteration 7580: loss: 0.314, support accuracy: 0.975, query accuracy: 1.000
Iteration 7590: loss: 0.313, support accuracy: 1.000, query accuracy: 1.000
Iteration 7600: loss: 0.314, support accuracy: 1.000, query accuracy: 1.000
Iteration 7610: loss: 0.315, support accuracy: 1.000, query accuracy: 1.000
Iteration 7620: loss: 0.314, support accuracy: 1.000, query accuracy: 1.000
Iteration 7630: loss: 0.314, support accuracy: 0.975, query accuracy: 1.000
Iteration 7640: loss: 0.314, support accuracy: 1.000, query accuracy: 1.000
Iteration 7650: loss: 0.313, support accuracy: 1.000, query accuracy: 1.000
Iteration 7660: loss: 0.314, support accuracy: 1.000, query accuracy: 1.000
Iteration 7670: loss: 0.313, support accuracy: 1.000, query accuracy: 1.000
Iteration 7680: loss: 0.315, support accuracy: 1.000, query accuracy: 1.000
Iteration 7690: loss: 0.313, support accuracy: 1.000, query accuracy: 1.000
Iteration 7700: loss: 0.357, support accuracy: 1.000, query accuracy: 0.950
Iteration 7710: loss: 0.314, support accuracy: 1.000, query accuracy: 1.000
Iteration 7720: loss: 0.314, support accuracy: 1.000, query accuracy: 1.000
Iteration 7730: loss: 0.314, support accuracy: 1.000, query accuracy: 1.000
Iteration 7740: loss: 0.344, support accuracy: 1.000, query accuracy: 0.963
Iteration 7750: loss: 0.314, support accuracy: 1.000, query accuracy: 1.000
Iteration 7760: loss: 0.313, support accuracy: 1.000, query accuracy: 1.000
Iteration 7770: loss: 0.314, support accuracy: 0.975, query accuracy: 1.000
Iteration 7780: loss: 0.315, support accuracy: 1.000, query accuracy: 1.000
Iteration 7790: loss: 0.326, support accuracy: 1.000, query accuracy: 0.987
Iteration 7800: loss: 0.314, support accuracy: 1.000, query accuracy: 1.000
Iteration 7810: loss: 0.314, support accuracy: 1.000, query accuracy: 1.000
Iteration 7820: loss: 0.320, support accuracy: 1.000, query accuracy: 0.987
Iteration 7830: loss: 0.342, support accuracy: 1.000, query accuracy: 0.975
Iteration 7840: loss: 0.338, support accuracy: 1.000, query accuracy: 0.975
Iteration 7850: loss: 0.314, support accuracy: 1.000, query accuracy: 1.000
Iteration 7860: loss: 0.319, support accuracy: 1.000, query accuracy: 1.000
Iteration 7870: loss: 0.315, support accuracy: 1.000, query accuracy: 1.000
Iteration 7880: loss: 0.323, support accuracy: 1.000, query accuracy: 0.987
Iteration 7890: loss: 0.314, support accuracy: 1.000, query accuracy: 1.000
Iteration 7900: loss: 0.313, support accuracy: 1.000, query accuracy: 1.000
Iteration 7910: loss: 0.318, support accuracy: 1.000, query accuracy: 1.000
Iteration 7920: loss: 0.314, support accuracy: 1.000, query accuracy: 1.000
Iteration 7930: loss: 0.313, support accuracy: 1.000, query accuracy: 1.000
Iteration 7940: loss: 0.315, support accuracy: 1.000, query accuracy: 1.000
Iteration 7950: loss: 0.315, support accuracy: 1.000, query accuracy: 1.000
Iteration 7960: loss: 0.313, support accuracy: 1.000, query accuracy: 1.000
Iteration 7970: loss: 0.313, support accuracy: 1.000, query accuracy: 1.000
Iteration 7980: loss: 0.318, support accuracy: 1.000, query accuracy: 1.000
Iteration 7990: loss: 0.315, support accuracy: 1.000, query accuracy: 1.000
Iteration 8000: loss: 0.313, support accuracy: 1.000, query accuracy: 1.000
Start Validation...
Validation: loss: 0.578, support accuracy: 0.873, query accuracy: 0.715 Ci95: 0.004
Saved checkpoint.
